{"C:\\university\\ShareBuy\\Backend\\config\\models\\db.js": {"path":"C:\\university\\ShareBuy\\Backend\\config\\models\\db.js","statementMap":{"0":{"start":{"line":1,"column":22},"end":{"line":1,"column":42}},"1":{"start":{"line":2,"column":0},"end":{"line":2,"column":27}},"2":{"start":{"line":4,"column":15},"end":{"line":4,"column":46}},"3":{"start":{"line":6,"column":18},"end":{"line":15,"column":1}},"4":{"start":{"line":17,"column":0},"end":{"line":17,"column":27}}},"fnMap":{},"branchMap":{"0":{"loc":{"start":{"line":7,"column":2},"end":{"line":7,"column":50}},"type":"cond-expr","locations":[{"start":{"line":7,"column":11},"end":{"line":7,"column":28}},{"start":{"line":7,"column":31},"end":{"line":7,"column":50}}],"line":7},"1":{"loc":{"start":{"line":11,"column":10},"end":{"line":11,"column":50}},"type":"cond-expr","locations":[{"start":{"line":11,"column":19},"end":{"line":11,"column":28}},{"start":{"line":11,"column":31},"end":{"line":11,"column":50}}],"line":11},"2":{"loc":{"start":{"line":12,"column":13},"end":{"line":12,"column":43}},"type":"cond-expr","locations":[{"start":{"line":12,"column":22},"end":{"line":12,"column":30}},{"start":{"line":12,"column":33},"end":{"line":12,"column":43}}],"line":12}},"s":{"0":1,"1":1,"2":1,"3":1,"4":1},"f":{},"b":{"0":[1,0],"1":[1,0],"2":[1,0]},"_coverageSchema":"1a1c01bbd47fc00a2c39e90264f33305004495a9","hash":"1bc4d3e871adb802180b67563b3f0f0f35e2c543"}
,"C:\\university\\ShareBuy\\Backend\\config\\models\\index.js": {"path":"C:\\university\\ShareBuy\\Backend\\config\\models\\index.js","statementMap":{"0":{"start":{"line":1,"column":13},"end":{"line":1,"column":37}},"1":{"start":{"line":2,"column":14},"end":{"line":2,"column":39}},"2":{"start":{"line":3,"column":19},"end":{"line":3,"column":49}},"3":{"start":{"line":4,"column":17},"end":{"line":4,"column":45}},"4":{"start":{"line":5,"column":21},"end":{"line":5,"column":53}},"5":{"start":{"line":6,"column":18},"end":{"line":6,"column":33}},"6":{"start":{"line":8,"column":0},"end":{"line":15,"column":2}}},"fnMap":{},"branchMap":{},"s":{"0":1,"1":1,"2":1,"3":1,"4":1,"5":1,"6":1},"f":{},"b":{},"_coverageSchema":"1a1c01bbd47fc00a2c39e90264f33305004495a9","hash":"71bd90ece2a02434e32cb77f497f2a7a2dec1f92"}
,"C:\\university\\ShareBuy\\Backend\\config\\models\\tables\\business.js": {"path":"C:\\university\\ShareBuy\\Backend\\config\\models\\tables\\business.js","statementMap":{"0":{"start":{"line":1,"column":22},"end":{"line":1,"column":42}},"1":{"start":{"line":2,"column":18},"end":{"line":2,"column":34}},"2":{"start":{"line":4,"column":17},"end":{"line":40,"column":2}},"3":{"start":{"line":42,"column":0},"end":{"line":42,"column":26}}},"fnMap":{},"branchMap":{},"s":{"0":1,"1":1,"2":1,"3":1},"f":{},"b":{},"_coverageSchema":"1a1c01bbd47fc00a2c39e90264f33305004495a9","hash":"d68131f98e3a2c75e061185bc74e39fe251e72e6"}
,"C:\\university\\ShareBuy\\Backend\\config\\models\\tables\\group.js": {"path":"C:\\university\\ShareBuy\\Backend\\config\\models\\tables\\group.js","statementMap":{"0":{"start":{"line":1,"column":22},"end":{"line":1,"column":42}},"1":{"start":{"line":2,"column":18},"end":{"line":2,"column":34}},"2":{"start":{"line":4,"column":14},"end":{"line":66,"column":2}},"3":{"start":{"line":68,"column":0},"end":{"line":68,"column":23}}},"fnMap":{},"branchMap":{},"s":{"0":1,"1":1,"2":1,"3":1},"f":{},"b":{},"_coverageSchema":"1a1c01bbd47fc00a2c39e90264f33305004495a9","hash":"90497c40fcd453258dfc9e501abebbbed6ec8179"}
,"C:\\university\\ShareBuy\\Backend\\config\\models\\tables\\refreshToken.js": {"path":"C:\\university\\ShareBuy\\Backend\\config\\models\\tables\\refreshToken.js","statementMap":{"0":{"start":{"line":1,"column":22},"end":{"line":1,"column":42}},"1":{"start":{"line":2,"column":18},"end":{"line":2,"column":34}},"2":{"start":{"line":4,"column":21},"end":{"line":14,"column":2}},"3":{"start":{"line":16,"column":0},"end":{"line":16,"column":30}}},"fnMap":{},"branchMap":{},"s":{"0":1,"1":1,"2":1,"3":1},"f":{},"b":{},"_coverageSchema":"1a1c01bbd47fc00a2c39e90264f33305004495a9","hash":"e98a5b9aa286e5c9dc575f5fcd11639ddcb52729"}
,"C:\\university\\ShareBuy\\Backend\\config\\models\\tables\\savedGroup.js": {"path":"C:\\university\\ShareBuy\\Backend\\config\\models\\tables\\savedGroup.js","statementMap":{"0":{"start":{"line":1,"column":22},"end":{"line":1,"column":42}},"1":{"start":{"line":2,"column":18},"end":{"line":2,"column":34}},"2":{"start":{"line":3,"column":13},"end":{"line":3,"column":30}},"3":{"start":{"line":4,"column":14},"end":{"line":4,"column":32}},"4":{"start":{"line":6,"column":19},"end":{"line":25,"column":2}},"5":{"start":{"line":27,"column":0},"end":{"line":27,"column":28}}},"fnMap":{},"branchMap":{},"s":{"0":1,"1":1,"2":1,"3":1,"4":1,"5":1},"f":{},"b":{},"_coverageSchema":"1a1c01bbd47fc00a2c39e90264f33305004495a9","hash":"bd0334cd1b0937cee9363f3da4591f42b61f06a4"}
,"C:\\university\\ShareBuy\\Backend\\config\\models\\tables\\user.js": {"path":"C:\\university\\ShareBuy\\Backend\\config\\models\\tables\\user.js","statementMap":{"0":{"start":{"line":1,"column":22},"end":{"line":1,"column":42}},"1":{"start":{"line":2,"column":18},"end":{"line":2,"column":34}},"2":{"start":{"line":4,"column":13},"end":{"line":44,"column":2}},"3":{"start":{"line":46,"column":0},"end":{"line":46,"column":22}}},"fnMap":{},"branchMap":{},"s":{"0":1,"1":1,"2":1,"3":1},"f":{},"b":{},"_coverageSchema":"1a1c01bbd47fc00a2c39e90264f33305004495a9","hash":"9296d32823158e116545bdfe5f2a7bda3f50411b"}
,"C:\\university\\ShareBuy\\Backend\\services\\User\\api\\userApi.js": {"path":"C:\\university\\ShareBuy\\Backend\\services\\User\\api\\userApi.js","statementMap":{"0":{"start":{"line":1,"column":27},"end":{"line":1,"column":44}},"1":{"start":{"line":2,"column":65},"end":{"line":2,"column":90}},"2":{"start":{"line":4,"column":0},"end":{"line":202,"column":2}},"3":{"start":{"line":23,"column":2},"end":{"line":38,"column":5}},"4":{"start":{"line":24,"column":4},"end":{"line":24,"column":62}},"5":{"start":{"line":25,"column":4},"end":{"line":25,"column":43}},"6":{"start":{"line":26,"column":4},"end":{"line":37,"column":5}},"7":{"start":{"line":27,"column":95},"end":{"line":27,"column":103}},"8":{"start":{"line":28,"column":6},"end":{"line":28,"column":124}},"9":{"start":{"line":30,"column":22},"end":{"line":30,"column":118}},"10":{"start":{"line":33,"column":6},"end":{"line":33,"column":87}},"11":{"start":{"line":35,"column":6},"end":{"line":35,"column":54}},"12":{"start":{"line":36,"column":6},"end":{"line":36,"column":88}},"13":{"start":{"line":64,"column":2},"end":{"line":78,"column":5}},"14":{"start":{"line":65,"column":4},"end":{"line":65,"column":70}},"15":{"start":{"line":66,"column":4},"end":{"line":77,"column":5}},"16":{"start":{"line":67,"column":175},"end":{"line":67,"column":183}},"17":{"start":{"line":70,"column":26},"end":{"line":70,"column":210}},"18":{"start":{"line":73,"column":6},"end":{"line":73,"column":99}},"19":{"start":{"line":76,"column":6},"end":{"line":76,"column":92}},"20":{"start":{"line":89,"column":2},"end":{"line":112,"column":5}},"21":{"start":{"line":90,"column":4},"end":{"line":90,"column":56}},"22":{"start":{"line":91,"column":4},"end":{"line":111,"column":5}},"23":{"start":{"line":93,"column":26},"end":{"line":93,"column":65}},"24":{"start":{"line":94,"column":19},"end":{"line":94,"column":45}},"25":{"start":{"line":98,"column":6},"end":{"line":100,"column":7}},"26":{"start":{"line":99,"column":8},"end":{"line":99,"column":67}},"27":{"start":{"line":102,"column":40},"end":{"line":102,"column":55}},"28":{"start":{"line":104,"column":6},"end":{"line":104,"column":37}},"29":{"start":{"line":106,"column":6},"end":{"line":108,"column":7}},"30":{"start":{"line":107,"column":8},"end":{"line":107,"column":66}},"31":{"start":{"line":109,"column":6},"end":{"line":109,"column":51}},"32":{"start":{"line":110,"column":6},"end":{"line":110,"column":85}},"33":{"start":{"line":132,"column":2},"end":{"line":161,"column":5}},"34":{"start":{"line":133,"column":4},"end":{"line":133,"column":60}},"35":{"start":{"line":134,"column":4},"end":{"line":160,"column":5}},"36":{"start":{"line":135,"column":85},"end":{"line":135,"column":93}},"37":{"start":{"line":136,"column":26},"end":{"line":136,"column":65}},"38":{"start":{"line":137,"column":19},"end":{"line":137,"column":45}},"39":{"start":{"line":139,"column":6},"end":{"line":141,"column":7}},"40":{"start":{"line":140,"column":8},"end":{"line":140,"column":66}},"41":{"start":{"line":143,"column":6},"end":{"line":143,"column":31}},"42":{"start":{"line":144,"column":6},"end":{"line":144,"column":25}},"43":{"start":{"line":145,"column":6},"end":{"line":145,"column":25}},"44":{"start":{"line":146,"column":6},"end":{"line":146,"column":25}},"45":{"start":{"line":147,"column":6},"end":{"line":147,"column":23}},"46":{"start":{"line":148,"column":6},"end":{"line":148,"column":27}},"47":{"start":{"line":149,"column":6},"end":{"line":149,"column":39}},"48":{"start":{"line":150,"column":6},"end":{"line":150,"column":29}},"49":{"start":{"line":152,"column":6},"end":{"line":152,"column":24}},"50":{"start":{"line":153,"column":6},"end":{"line":153,"column":61}},"51":{"start":{"line":155,"column":6},"end":{"line":157,"column":7}},"52":{"start":{"line":156,"column":8},"end":{"line":156,"column":66}},"53":{"start":{"line":158,"column":6},"end":{"line":158,"column":51}},"54":{"start":{"line":159,"column":6},"end":{"line":159,"column":85}},"55":{"start":{"line":175,"column":2},"end":{"line":201,"column":5}},"56":{"start":{"line":176,"column":4},"end":{"line":176,"column":69}},"57":{"start":{"line":177,"column":4},"end":{"line":200,"column":5}},"58":{"start":{"line":178,"column":47},"end":{"line":178,"column":55}},"59":{"start":{"line":179,"column":26},"end":{"line":179,"column":65}},"60":{"start":{"line":180,"column":19},"end":{"line":180,"column":45}},"61":{"start":{"line":182,"column":6},"end":{"line":184,"column":7}},"62":{"start":{"line":183,"column":8},"end":{"line":183,"column":66}},"63":{"start":{"line":186,"column":22},"end":{"line":186,"column":66}},"64":{"start":{"line":187,"column":6},"end":{"line":189,"column":7}},"65":{"start":{"line":188,"column":8},"end":{"line":188,"column":82}},"66":{"start":{"line":191,"column":6},"end":{"line":191,"column":34}},"67":{"start":{"line":192,"column":6},"end":{"line":192,"column":24}},"68":{"start":{"line":193,"column":6},"end":{"line":193,"column":70}},"69":{"start":{"line":195,"column":6},"end":{"line":197,"column":7}},"70":{"start":{"line":196,"column":8},"end":{"line":196,"column":66}},"71":{"start":{"line":198,"column":6},"end":{"line":198,"column":55}},"72":{"start":{"line":199,"column":6},"end":{"line":199,"column":89}}},"fnMap":{"0":{"name":"(anonymous_0)","decl":{"start":{"line":4,"column":17},"end":{"line":4,"column":18}},"loc":{"start":{"line":4,"column":26},"end":{"line":202,"column":1}},"line":4},"1":{"name":"(anonymous_1)","decl":{"start":{"line":23,"column":24},"end":{"line":23,"column":25}},"loc":{"start":{"line":23,"column":44},"end":{"line":38,"column":3}},"line":23},"2":{"name":"(anonymous_2)","decl":{"start":{"line":64,"column":32},"end":{"line":64,"column":33}},"loc":{"start":{"line":64,"column":52},"end":{"line":78,"column":3}},"line":64},"3":{"name":"(anonymous_3)","decl":{"start":{"line":89,"column":17},"end":{"line":89,"column":18}},"loc":{"start":{"line":89,"column":37},"end":{"line":112,"column":3}},"line":89},"4":{"name":"(anonymous_4)","decl":{"start":{"line":132,"column":22},"end":{"line":132,"column":23}},"loc":{"start":{"line":132,"column":42},"end":{"line":161,"column":3}},"line":132},"5":{"name":"(anonymous_5)","decl":{"start":{"line":175,"column":31},"end":{"line":175,"column":32}},"loc":{"start":{"line":175,"column":51},"end":{"line":201,"column":3}},"line":175}},"branchMap":{"0":{"loc":{"start":{"line":98,"column":6},"end":{"line":100,"column":7}},"type":"if","locations":[{"start":{"line":98,"column":6},"end":{"line":100,"column":7}},{"start":{},"end":{}}],"line":98},"1":{"loc":{"start":{"line":106,"column":6},"end":{"line":108,"column":7}},"type":"if","locations":[{"start":{"line":106,"column":6},"end":{"line":108,"column":7}},{"start":{},"end":{}}],"line":106},"2":{"loc":{"start":{"line":139,"column":6},"end":{"line":141,"column":7}},"type":"if","locations":[{"start":{"line":139,"column":6},"end":{"line":141,"column":7}},{"start":{},"end":{}}],"line":139},"3":{"loc":{"start":{"line":155,"column":6},"end":{"line":157,"column":7}},"type":"if","locations":[{"start":{"line":155,"column":6},"end":{"line":157,"column":7}},{"start":{},"end":{}}],"line":155},"4":{"loc":{"start":{"line":182,"column":6},"end":{"line":184,"column":7}},"type":"if","locations":[{"start":{"line":182,"column":6},"end":{"line":184,"column":7}},{"start":{},"end":{}}],"line":182},"5":{"loc":{"start":{"line":187,"column":6},"end":{"line":189,"column":7}},"type":"if","locations":[{"start":{"line":187,"column":6},"end":{"line":189,"column":7}},{"start":{},"end":{}}],"line":187},"6":{"loc":{"start":{"line":195,"column":6},"end":{"line":197,"column":7}},"type":"if","locations":[{"start":{"line":195,"column":6},"end":{"line":197,"column":7}},{"start":{},"end":{}}],"line":195}},"s":{"0":1,"1":1,"2":1,"3":1,"4":5,"5":5,"6":5,"7":5,"8":5,"9":5,"10":4,"11":1,"12":1,"13":1,"14":0,"15":0,"16":0,"17":0,"18":0,"19":0,"20":1,"21":2,"22":2,"23":2,"24":2,"25":1,"26":0,"27":1,"28":1,"29":1,"30":1,"31":0,"32":0,"33":1,"34":2,"35":2,"36":2,"37":2,"38":2,"39":1,"40":0,"41":1,"42":1,"43":1,"44":1,"45":1,"46":1,"47":1,"48":1,"49":1,"50":1,"51":1,"52":1,"53":0,"54":0,"55":1,"56":2,"57":2,"58":2,"59":2,"60":2,"61":1,"62":0,"63":1,"64":1,"65":0,"66":1,"67":1,"68":1,"69":1,"70":1,"71":0,"72":0},"f":{"0":1,"1":5,"2":0,"3":2,"4":2,"5":2},"b":{"0":[0,1],"1":[1,0],"2":[0,1],"3":[1,0],"4":[0,1],"5":[0,1],"6":[1,0]},"_coverageSchema":"1a1c01bbd47fc00a2c39e90264f33305004495a9","hash":"0b9620a51efe8e94c97b951f4b0c63c8da066ab6"}
,"C:\\university\\ShareBuy\\Backend\\services\\User\\domain\\user.js": {"path":"C:\\university\\ShareBuy\\Backend\\services\\User\\domain\\user.js","statementMap":{"0":{"start":{"line":1,"column":15},"end":{"line":1,"column":32}},"1":{"start":{"line":2,"column":27},"end":{"line":2,"column":44}},"2":{"start":{"line":3,"column":21},"end":{"line":3,"column":44}},"3":{"start":{"line":5,"column":24},"end":{"line":7,"column":1}},"4":{"start":{"line":6,"column":2},"end":{"line":6,"column":56}},"5":{"start":{"line":9,"column":17},"end":{"line":36,"column":1}},"6":{"start":{"line":10,"column":2},"end":{"line":12,"column":3}},"7":{"start":{"line":11,"column":4},"end":{"line":11,"column":47}},"8":{"start":{"line":14,"column":23},"end":{"line":14,"column":63}},"9":{"start":{"line":15,"column":2},"end":{"line":17,"column":3}},"10":{"start":{"line":16,"column":4},"end":{"line":16,"column":59}},"11":{"start":{"line":19,"column":25},"end":{"line":19,"column":56}},"12":{"start":{"line":21,"column":18},"end":{"line":31,"column":4}},"13":{"start":{"line":33,"column":2},"end":{"line":33,"column":23}},"14":{"start":{"line":35,"column":2},"end":{"line":35,"column":17}},"15":{"start":{"line":38,"column":16},"end":{"line":47,"column":1}},"16":{"start":{"line":39,"column":2},"end":{"line":46,"column":3}},"17":{"start":{"line":40,"column":26},"end":{"line":40,"column":53}},"18":{"start":{"line":42,"column":17},"end":{"line":42,"column":68}},"19":{"start":{"line":43,"column":4},"end":{"line":43,"column":16}},"20":{"start":{"line":45,"column":4},"end":{"line":45,"column":37}},"21":{"start":{"line":49,"column":25},"end":{"line":56,"column":1}},"22":{"start":{"line":50,"column":171},"end":{"line":50,"column":186}},"23":{"start":{"line":52,"column":18},"end":{"line":52,"column":117}},"24":{"start":{"line":53,"column":22},"end":{"line":53,"column":147}},"25":{"start":{"line":55,"column":2},"end":{"line":55,"column":50}},"26":{"start":{"line":58,"column":0},"end":{"line":63,"column":2}}},"fnMap":{"0":{"name":"(anonymous_0)","decl":{"start":{"line":5,"column":24},"end":{"line":5,"column":25}},"loc":{"start":{"line":5,"column":57},"end":{"line":7,"column":1}},"line":5},"1":{"name":"(anonymous_1)","decl":{"start":{"line":9,"column":17},"end":{"line":9,"column":18}},"loc":{"start":{"line":9,"column":109},"end":{"line":36,"column":1}},"line":9},"2":{"name":"(anonymous_2)","decl":{"start":{"line":38,"column":16},"end":{"line":38,"column":17}},"loc":{"start":{"line":38,"column":39},"end":{"line":47,"column":1}},"line":38},"3":{"name":"(anonymous_3)","decl":{"start":{"line":49,"column":25},"end":{"line":49,"column":26}},"loc":{"start":{"line":49,"column":52},"end":{"line":56,"column":1}},"line":49}},"branchMap":{"0":{"loc":{"start":{"line":10,"column":2},"end":{"line":12,"column":3}},"type":"if","locations":[{"start":{"line":10,"column":2},"end":{"line":12,"column":3}},{"start":{},"end":{}}],"line":10},"1":{"loc":{"start":{"line":10,"column":6},"end":{"line":10,"column":95}},"type":"binary-expr","locations":[{"start":{"line":10,"column":6},"end":{"line":10,"column":15}},{"start":{"line":10,"column":19},"end":{"line":10,"column":28}},{"start":{"line":10,"column":32},"end":{"line":10,"column":38}},{"start":{"line":10,"column":42},"end":{"line":10,"column":48}},{"start":{"line":10,"column":52},"end":{"line":10,"column":58}},{"start":{"line":10,"column":62},"end":{"line":10,"column":67}},{"start":{"line":10,"column":71},"end":{"line":10,"column":78}},{"start":{"line":10,"column":82},"end":{"line":10,"column":95}}],"line":10},"2":{"loc":{"start":{"line":15,"column":2},"end":{"line":17,"column":3}},"type":"if","locations":[{"start":{"line":15,"column":2},"end":{"line":17,"column":3}},{"start":{},"end":{}}],"line":15}},"s":{"0":1,"1":1,"2":1,"3":1,"4":1,"5":1,"6":5,"7":0,"8":5,"9":5,"10":1,"11":4,"12":4,"13":4,"14":4,"15":1,"16":6,"17":6,"18":3,"19":3,"20":3,"21":1,"22":0,"23":0,"24":0,"25":0,"26":1},"f":{"0":1,"1":5,"2":6,"3":0},"b":{"0":[0,5],"1":[5,5,5,5,5,5,5,5],"2":[1,4]},"_coverageSchema":"1a1c01bbd47fc00a2c39e90264f33305004495a9","hash":"e7d37ba43f402c215f5083bef12f22ae088423f1"}
}
