TN:
SF:config\models\db.js
FNF:0
FNH:0
DA:1,1
DA:2,1
DA:4,1
DA:6,1
DA:17,1
LF:5
LH:5
BRDA:7,0,0,1
BRDA:7,0,1,0
BRDA:11,1,0,1
BRDA:11,1,1,0
BRDA:12,2,0,1
BRDA:12,2,1,0
BRF:6
BRH:3
end_of_record
TN:
SF:config\models\index.js
FNF:0
FNH:0
DA:1,1
DA:2,1
DA:3,1
DA:4,1
DA:5,1
DA:6,1
DA:8,1
LF:7
LH:7
BRF:0
BRH:0
end_of_record
TN:
SF:config\models\tables\business.js
FNF:0
FNH:0
DA:1,1
DA:2,1
DA:4,1
DA:42,1
LF:4
LH:4
BRF:0
BRH:0
end_of_record
TN:
SF:config\models\tables\group.js
FNF:0
FNH:0
DA:1,1
DA:2,1
DA:4,1
DA:68,1
LF:4
LH:4
BRF:0
BRH:0
end_of_record
TN:
SF:config\models\tables\refreshToken.js
FNF:0
FNH:0
DA:1,1
DA:2,1
DA:4,1
DA:16,1
LF:4
LH:4
BRF:0
BRH:0
end_of_record
TN:
SF:config\models\tables\savedGroup.js
FNF:0
FNH:0
DA:1,1
DA:2,1
DA:3,1
DA:4,1
DA:6,1
DA:27,1
LF:6
LH:6
BRF:0
BRH:0
end_of_record
TN:
SF:config\models\tables\user.js
FNF:0
FNH:0
DA:1,1
DA:2,1
DA:4,1
DA:46,1
LF:4
LH:4
BRF:0
BRH:0
end_of_record
TN:
SF:services\User\api\userApi.js
FN:4,(anonymous_0)
FN:23,(anonymous_1)
FN:64,(anonymous_2)
FN:89,(anonymous_3)
FN:132,(anonymous_4)
FN:175,(anonymous_5)
FNF:6
FNH:5
FNDA:1,(anonymous_0)
FNDA:5,(anonymous_1)
FNDA:0,(anonymous_2)
FNDA:2,(anonymous_3)
FNDA:2,(anonymous_4)
FNDA:2,(anonymous_5)
DA:1,1
DA:2,1
DA:4,1
DA:23,1
DA:24,5
DA:25,5
DA:26,5
DA:27,5
DA:28,5
DA:30,5
DA:33,4
DA:35,1
DA:36,1
DA:64,1
DA:65,0
DA:66,0
DA:67,0
DA:70,0
DA:73,0
DA:76,0
DA:89,1
DA:90,2
DA:91,2
DA:93,2
DA:94,2
DA:98,1
DA:99,0
DA:102,1
DA:104,1
DA:106,1
DA:107,1
DA:109,0
DA:110,0
DA:132,1
DA:133,2
DA:134,2
DA:135,2
DA:136,2
DA:137,2
DA:139,1
DA:140,0
DA:143,1
DA:144,1
DA:145,1
DA:146,1
DA:147,1
DA:148,1
DA:149,1
DA:150,1
DA:152,1
DA:153,1
DA:155,1
DA:156,1
DA:158,0
DA:159,0
DA:175,1
DA:176,2
DA:177,2
DA:178,2
DA:179,2
DA:180,2
DA:182,1
DA:183,0
DA:186,1
DA:187,1
DA:188,0
DA:191,1
DA:192,1
DA:193,1
DA:195,1
DA:196,1
DA:198,0
DA:199,0
LF:73
LH:57
BRDA:98,0,0,0
BRDA:98,0,1,1
BRDA:106,1,0,1
BRDA:106,1,1,0
BRDA:139,2,0,0
BRDA:139,2,1,1
BRDA:155,3,0,1
BRDA:155,3,1,0
BRDA:182,4,0,0
BRDA:182,4,1,1
BRDA:187,5,0,0
BRDA:187,5,1,1
BRDA:195,6,0,1
BRDA:195,6,1,0
BRF:14
BRH:7
end_of_record
TN:
SF:services\User\domain\user.js
FN:5,(anonymous_0)
FN:9,(anonymous_1)
FN:38,(anonymous_2)
FN:49,(anonymous_3)
FNF:4
FNH:3
FNDA:1,(anonymous_0)
FNDA:5,(anonymous_1)
FNDA:6,(anonymous_2)
FNDA:0,(anonymous_3)
DA:1,1
DA:2,1
DA:3,1
DA:5,1
DA:6,1
DA:9,1
DA:10,5
DA:11,0
DA:14,5
DA:15,5
DA:16,1
DA:19,4
DA:21,4
DA:33,4
DA:35,4
DA:38,1
DA:39,6
DA:40,6
DA:42,3
DA:43,3
DA:45,3
DA:49,1
DA:50,0
DA:52,0
DA:53,0
DA:55,0
DA:58,1
LF:27
LH:22
BRDA:10,0,0,0
BRDA:10,0,1,5
BRDA:10,1,0,5
BRDA:10,1,1,5
BRDA:10,1,2,5
BRDA:10,1,3,5
BRDA:10,1,4,5
BRDA:10,1,5,5
BRDA:10,1,6,5
BRDA:10,1,7,5
BRDA:15,2,0,1
BRDA:15,2,1,4
BRF:12
BRH:11
end_of_record
